0 info it worked if it ends with ok
1 verbose cli [
1 verbose cli   '/rbd/pnpm-volume/d90aaeb7-3dcd-4559-9d29-731847bdf527/node_modules/node/bin/node',
1 verbose cli   '/opt/nvm/versions/node/v10/bin/npm',
1 verbose cli   'audit',
1 verbose cli   'fix'
1 verbose cli ]
2 info using npm@6.14.12
3 info using node@v14.21.3
4 verbose config Skipping project config: /app/.npmrc. (matches userconfig)
5 verbose npm-session afda8d5a6bb1cad5
6 verbose stack Error: Errors were found in your package-lock.json, run  npm install  to fix them.
6 verbose stack     Missing: mongoose@^6.0.0
6 verbose stack     at /opt/nvm/versions/node/v10.24.1/lib/node_modules/npm/lib/audit.js:184:19
7 verbose cwd /app
8 verbose Linux 4.4.0-1128-aws
9 verbose argv "/rbd/pnpm-volume/d90aaeb7-3dcd-4559-9d29-731847bdf527/node_modules/node/bin/node" "/opt/nvm/versions/node/v10/bin/npm" "audit" "fix"
10 verbose node v14.21.3
11 verbose npm  v6.14.12
12 error code ELOCKVERIFY
13 error Errors were found in your package-lock.json, run  npm install  to fix them.
13 error     Missing: mongoose@^6.0.0
14 verbose exit [ 1, true ]
